<?xml version="1.0" encoding="UTF-8"?>
<!-- Generated by org.testng.reporters.JUnitReportReporter -->
<testsuite hostname="vdi-nsadm4-08" failures="0" tests="1" name="com.selenium.testcases.TC_Documentation" time="9.958" errors="0" timestamp="2023-08-19T14:23:37 IST" skipped="0">
  <testcase classname="com.selenium.testcases.TC_Documentation" name="documentation" time="9.958"/>
  <system-out/>
</testsuite> <!-- com.selenium.testcases.TC_Documentation -->
