<?xml version="1.0" encoding="UTF-8"?>
<!-- Generated by org.testng.reporters.JUnitReportReporter -->
<testsuite hostname="vdi-nsadm4-08" failures="0" tests="1" name="com.selenium.testcases.TC_PlaceOrderWithCancel_003" time="1.681" errors="0" timestamp="2023-08-19T15:05:23 IST" skipped="0">
  <testcase classname="com.selenium.testcases.TC_PlaceOrderWithCancel_003" name="homePage" time="1.681"/>
  <system-out/>
</testsuite> <!-- com.selenium.testcases.TC_PlaceOrderWithCancel_003 -->
