<?xml version="1.0" encoding="UTF-8"?>
<!-- Generated by org.testng.reporters.JUnitReportReporter -->
<testsuite hostname="vdi-nsadm4-08" failures="0" tests="1" name="com.selenium.testcases.TC_FilterItem_Price_LowToHigh" time="0.365" errors="0" timestamp="2023-08-19T16:50:55 IST" skipped="0">
  <testcase classname="com.selenium.testcases.TC_FilterItem_Price_LowToHigh" name="lowToHigh" time="0.365"/>
  <system-out/>
</testsuite> <!-- com.selenium.testcases.TC_FilterItem_Price_LowToHigh -->
