<?xml version="1.0" encoding="UTF-8"?>
<!-- Generated by org.testng.reporters.JUnitReportReporter -->
<testsuite hostname="vdi-nsadm4-08" failures="0" tests="1" name="com.selenium.testcases.TC_PlaceOrder_002" time="1.225" errors="0" timestamp="2023-08-19T13:47:05 IST" skipped="0">
  <testcase classname="com.selenium.testcases.TC_PlaceOrder_002" name="placeOrder" time="1.225"/>
  <system-out/>
</testsuite> <!-- com.selenium.testcases.TC_PlaceOrder_002 -->
